build/app/outputs/mapping/release/mapping.txt
# compiler: R8
# compiler_version: 1.5.69
# min_api: 19
# pg_map_id: 9507d9c
com.softoo.delivery.Application -> com.softoo.delivery.Application:
    void registerWith(io.flutter.plugin.common.PluginRegistry) -> a
...
com.google.android.datatransport.runtime.TransportImpl$$Lambda$1 -> c.a.a.a.i.n:
    com.google.android.datatransport.runtime.TransportImpl$$Lambda$1 instance -> a
    com.google.android.datatransport.TransportScheduleCallback lambdaFactory$() -> a
    void onSchedule(java.lang.Exception) -> a
com.google.android.datatransport.runtime.TransportInternal -> c.a.a.a.i.p:
    void send(com.google.android.datatransport.runtime.SendRequest,com.google.android.datatransport.TransportScheduleCallback) -> a
com.google.android.datatransport.runtime.TransportRuntime -> c.a.a.a.i.q:
    com.google.android.datatransport.runtime.time.Clock eventClock -> a
    com.google.android.datatransport.runtime.scheduling.Scheduler scheduler -> c
    com.google.android.datatransport.runtime.TransportRuntimeComponent instance -> e
    com.google.android.datatransport.runtime.scheduling.jobscheduling.Uploader uploader -> d
    com.google.android.datatransport.runtime.time.Clock uptimeClock -> b
    com.google.android.datatransport.runtime.EventInternal convert(com.google.android.datatransport.runtime.SendRequest) -> a
    com.google.android.datatransport.runtime.scheduling.jobscheduling.Uploader getUploader() -> a
    void initialize(android.content.Context) -> a
    com.google.android.datatransport.TransportFactory newFactory(com.google.android.datatransport.runtime.Destination) -> a
    void send(com.google.android.datatransport.runtime.SendRequest,com.google.android.datatransport.TransportScheduleCallback) -> a
    com.google.android.datatransport.runtime.TransportRuntime getInstance() -> b
    java.util.Set getSupportedEncodings(com.google.android.datatransport.runtime.Destination) -> b
com.google.android.datatransport.runtime.TransportRuntimeComponent -> c.a.a.a.i.r:
    com.google.android.datatransport.runtime.scheduling.persistence.EventStore getEventStore() -> m
    com.google.android.datatransport.runtime.TransportRuntime getTransportRuntime() -> n
com.google.android.datatransport.runtime.TransportRuntimeComponent$Builder -> c.a.a.a.i.r$a:
    com.google.android.datatransport.runtime.TransportRuntimeComponent build() -> a
    com.google.android.datatransport.runtime.TransportRuntimeComponent$Builder setApplicationContext(android.content.Context) -> a
com.google.android.datatransport.runtime.TransportRuntime_Factory -> c.a.a.a.i.s:
    javax.inject.Provider uploaderProvider -> d
    javax.inject.Provider schedulerProvider -> c
    javax.inject.Provider initializerProvider -> e
    javax.inject.Provider uptimeClockProvider -> b
    javax.inject.Provider eventClockProvider -> a
    com.google.android.datatransport.runtime.TransportRuntime_Factory create(javax.inject.Provider,javax.inject.Provider,javax.inject.Provider,javax.inject.Provider,javax.inject.Provider) -> a
com.google.android.datatransport.runtime.backends.AutoValue_BackendRequest -> com.google.android.datatransport.runtime.backends.a:
    byte[] extras -> b
    java.lang.Iterable events -> a
    java.lang.Iterable getEvents() -> a
    byte[] getExtras() -> b
com.google.android.datatransport.runtime.backends.AutoValue_BackendRequest$1 -> com.google.android.datatransport.runtime.backends.a$a:
com.google.android.datatransport.runtime.backends.AutoValue_BackendRequest$Builder -> com.google.android.datatransport.runtime.backends.a$b:
    byte[] extras -> b
    java.lang.Iterable events -> a
    com.google.android.datatransport.runtime.backends.BackendRequest build() -> a
    com.google.android.datatransport.runtime.backends.BackendRequest$Builder setEvents(java.lang.Iterable) -> a
    com.google.android.datatransport.runtime.backends.BackendRequest$Builder setExtras(byte[]) -> a